<?xml version="1.0" encoding="UTF-8" standalone="no"?>
<testsuite failures="0" name="cucumber.runtime.formatter.JUnitFormatter" skipped="0" tests="5" time="0.490604">
<testcase classname="How to Test based on Tag" name="This is scenario 3" time="0.490366">
<system-out><![CDATA[Given test Three............................................................passed
]]></system-out>
</testcase>
<testcase classname="How to Test based on Tag" name="This is scenario 7" time="0.000056">
<system-out><![CDATA[Given test Seven............................................................passed
]]></system-out>
</testcase>
<testcase classname="How to Test based on Tag" name="This is scenario 10" time="0.000056">
<system-out><![CDATA[Given test ten..............................................................passed
]]></system-out>
</testcase>
<testcase classname="How to Test based on Tag" name="This is scenario 13" time="0.000059">
<system-out><![CDATA[Given test OneThree.........................................................passed
]]></system-out>
</testcase>
<testcase classname="How to Test based on Tag" name="This is scenario 16" time="0.000067">
<system-out><![CDATA[Given test OneSix...........................................................passed
]]></system-out>
</testcase>
</testsuite>
